{"total": {"lines":{"total":15636,"covered":5072,"skipped":0,"pct":32.43},"statements":{"total":15636,"covered":5072,"skipped":0,"pct":32.43},"functions":{"total":371,"covered":141,"skipped":0,"pct":38},"branches":{"total":760,"covered":470,"skipped":0,"pct":61.84},"branchesTrue":{"total":0,"covered":0,"skipped":0,"pct":100}}
,"/data/.openclaw/workspace/menswell/src/App.tsx": {"lines":{"total":187,"covered":0,"skipped":0,"pct":0},"functions":{"total":1,"covered":0,"skipped":0,"pct":0},"statements":{"total":187,"covered":0,"skipped":0,"pct":0},"branches":{"total":1,"covered":0,"skipped":0,"pct":0}}
,"/data/.openclaw/workspace/menswell/src/main.tsx": {"lines":{"total":29,"covered":0,"skipped":0,"pct":0},"functions":{"total":1,"covered":0,"skipped":0,"pct":0},"statements":{"total":29,"covered":0,"skipped":0,"pct":0},"branches":{"total":1,"covered":0,"skipped":0,"pct":0}}
,"/data/.openclaw/workspace/menswell/src/app/providers/ServicesProvider.tsx": {"lines":{"total":25,"covered":25,"skipped":0,"pct":100},"functions":{"total":2,"covered":2,"skipped":0,"pct":100},"statements":{"total":25,"covered":25,"skipped":0,"pct":100},"branches":{"total":12,"covered":11,"skipped":0,"pct":91.66}}
,"/data/.openclaw/workspace/menswell/src/components/SEO.tsx": {"lines":{"total":26,"covered":26,"skipped":0,"pct":100},"functions":{"total":1,"covered":1,"skipped":0,"pct":100},"statements":{"total":26,"covered":26,"skipped":0,"pct":100},"branches":{"total":1,"covered":1,"skipped":0,"pct":100}}
,"/data/.openclaw/workspace/menswell/src/components/SentryTestTrigger.tsx": {"lines":{"total":36,"covered":0,"skipped":0,"pct":0},"functions":{"total":1,"covered":0,"skipped":0,"pct":0},"statements":{"total":36,"covered":0,"skipped":0,"pct":0},"branches":{"total":1,"covered":0,"skipped":0,"pct":0}}
,"/data/.openclaw/workspace/menswell/src/components/admin/AdminFeedback.tsx": {"lines":{"total":28,"covered":0,"skipped":0,"pct":0},"functions":{"total":1,"covered":0,"skipped":0,"pct":0},"statements":{"total":28,"covered":0,"skipped":0,"pct":0},"branches":{"total":1,"covered":0,"skipped":0,"pct":0}}
,"/data/.openclaw/workspace/menswell/src/components/admin/AdminLayout.tsx": {"lines":{"total":65,"covered":0,"skipped":0,"pct":0},"functions":{"total":1,"covered":0,"skipped":0,"pct":0},"statements":{"total":65,"covered":0,"skipped":0,"pct":0},"branches":{"total":1,"covered":0,"skipped":0,"pct":0}}
,"/data/.openclaw/workspace/menswell/src/components/admin/AdminTable.tsx": {"lines":{"total":21,"covered":0,"skipped":0,"pct":0},"functions":{"total":1,"covered":0,"skipped":0,"pct":0},"statements":{"total":21,"covered":0,"skipped":0,"pct":0},"branches":{"total":1,"covered":0,"skipped":0,"pct":0}}
,"/data/.openclaw/workspace/menswell/src/components/admin/AnalyticsSetupGuide.tsx": {"lines":{"total":26,"covered":0,"skipped":0,"pct":0},"functions":{"total":1,"covered":0,"skipped":0,"pct":0},"statements":{"total":26,"covered":0,"skipped":0,"pct":0},"branches":{"total":1,"covered":0,"skipped":0,"pct":0}}
,"/data/.openclaw/workspace/menswell/src/components/admin/AnalyticsToolCards.tsx": {"lines":{"total":44,"covered":0,"skipped":0,"pct":0},"functions":{"total":1,"covered":0,"skipped":0,"pct":0},"statements":{"total":44,"covered":0,"skipped":0,"pct":0},"branches":{"total":1,"covered":0,"skipped":0,"pct":0}}
,"/data/.openclaw/workspace/menswell/src/components/admin/ConversionKPIs.tsx": {"lines":{"total":27,"covered":0,"skipped":0,"pct":0},"functions":{"total":1,"covered":0,"skipped":0,"pct":0},"statements":{"total":27,"covered":0,"skipped":0,"pct":0},"branches":{"total":1,"covered":0,"skipped":0,"pct":0}}
,"/data/.openclaw/workspace/menswell/src/components/admin/EnvChangeHistory.tsx": {"lines":{"total":62,"covered":0,"skipped":0,"pct":0},"functions":{"total":1,"covered":0,"skipped":0,"pct":0},"statements":{"total":62,"covered":0,"skipped":0,"pct":0},"branches":{"total":1,"covered":0,"skipped":0,"pct":0}}
,"/data/.openclaw/workspace/menswell/src/components/admin/EnvSwitcher.tsx": {"lines":{"total":70,"covered":0,"skipped":0,"pct":0},"functions":{"total":1,"covered":0,"skipped":0,"pct":0},"statements":{"total":70,"covered":0,"skipped":0,"pct":0},"branches":{"total":1,"covered":0,"skipped":0,"pct":0}}
,"/data/.openclaw/workspace/menswell/src/components/admin/EnvironmentPanel.tsx": {"lines":{"total":34,"covered":0,"skipped":0,"pct":0},"functions":{"total":1,"covered":0,"skipped":0,"pct":0},"statements":{"total":34,"covered":0,"skipped":0,"pct":0},"branches":{"total":1,"covered":0,"skipped":0,"pct":0}}
,"/data/.openclaw/workspace/menswell/src/components/admin/LeadBreakdownBars.tsx": {"lines":{"total":30,"covered":0,"skipped":0,"pct":0},"functions":{"total":1,"covered":0,"skipped":0,"pct":0},"statements":{"total":30,"covered":0,"skipped":0,"pct":0},"branches":{"total":1,"covered":0,"skipped":0,"pct":0}}
,"/data/.openclaw/workspace/menswell/src/components/admin/RecentLeadsTable.tsx": {"lines":{"total":46,"covered":0,"skipped":0,"pct":0},"functions":{"total":1,"covered":0,"skipped":0,"pct":0},"statements":{"total":46,"covered":0,"skipped":0,"pct":0},"branches":{"total":1,"covered":0,"skipped":0,"pct":0}}
,"/data/.openclaw/workspace/menswell/src/components/admin/RequireAdmin.tsx": {"lines":{"total":32,"covered":0,"skipped":0,"pct":0},"functions":{"total":1,"covered":0,"skipped":0,"pct":0},"statements":{"total":32,"covered":0,"skipped":0,"pct":0},"branches":{"total":1,"covered":0,"skipped":0,"pct":0}}
,"/data/.openclaw/workspace/menswell/src/components/admin/StatCard.tsx": {"lines":{"total":16,"covered":0,"skipped":0,"pct":0},"functions":{"total":1,"covered":0,"skipped":0,"pct":0},"statements":{"total":16,"covered":0,"skipped":0,"pct":0},"branches":{"total":1,"covered":0,"skipped":0,"pct":0}}
,"/data/.openclaw/workspace/menswell/src/components/admin/SyncStatusPanel.tsx": {"lines":{"total":54,"covered":0,"skipped":0,"pct":0},"functions":{"total":1,"covered":0,"skipped":0,"pct":0},"statements":{"total":54,"covered":0,"skipped":0,"pct":0},"branches":{"total":1,"covered":0,"skipped":0,"pct":0}}
,"/data/.openclaw/workspace/menswell/src/components/admin/ToolsGrid.tsx": {"lines":{"total":60,"covered":0,"skipped":0,"pct":0},"functions":{"total":1,"covered":0,"skipped":0,"pct":0},"statements":{"total":60,"covered":0,"skipped":0,"pct":0},"branches":{"total":1,"covered":0,"skipped":0,"pct":0}}
,"/data/.openclaw/workspace/menswell/src/components/admin/analyticsTypes.ts": {"lines":{"total":2,"covered":0,"skipped":0,"pct":0},"functions":{"total":1,"covered":0,"skipped":0,"pct":0},"statements":{"total":2,"covered":0,"skipped":0,"pct":0},"branches":{"total":1,"covered":0,"skipped":0,"pct":0}}
,"/data/.openclaw/workspace/menswell/src/components/book/AppointmentConfirmModal.tsx": {"lines":{"total":57,"covered":0,"skipped":0,"pct":0},"functions":{"total":1,"covered":0,"skipped":0,"pct":0},"statements":{"total":57,"covered":0,"skipped":0,"pct":0},"branches":{"total":1,"covered":0,"skipped":0,"pct":0}}
,"/data/.openclaw/workspace/menswell/src/components/book/BookLayout.tsx": {"lines":{"total":67,"covered":0,"skipped":0,"pct":0},"functions":{"total":1,"covered":0,"skipped":0,"pct":0},"statements":{"total":67,"covered":0,"skipped":0,"pct":0},"branches":{"total":1,"covered":0,"skipped":0,"pct":0}}
,"/data/.openclaw/workspace/menswell/src/components/book/BookingErrorBoundary.tsx": {"lines":{"total":63,"covered":15,"skipped":0,"pct":23.8},"functions":{"total":4,"covered":2,"skipped":0,"pct":50},"statements":{"total":63,"covered":15,"skipped":0,"pct":23.8},"branches":{"total":3,"covered":2,"skipped":0,"pct":66.66}}
,"/data/.openclaw/workspace/menswell/src/components/book/CelebrationBurst.tsx": {"lines":{"total":35,"covered":0,"skipped":0,"pct":0},"functions":{"total":1,"covered":0,"skipped":0,"pct":0},"statements":{"total":35,"covered":0,"skipped":0,"pct":0},"branches":{"total":1,"covered":0,"skipped":0,"pct":0}}
,"/data/.openclaw/workspace/menswell/src/components/book/ContactCard.tsx": {"lines":{"total":48,"covered":0,"skipped":0,"pct":0},"functions":{"total":1,"covered":0,"skipped":0,"pct":0},"statements":{"total":48,"covered":0,"skipped":0,"pct":0},"branches":{"total":1,"covered":0,"skipped":0,"pct":0}}
,"/data/.openclaw/workspace/menswell/src/components/book/DayStrip.tsx": {"lines":{"total":211,"covered":0,"skipped":0,"pct":0},"functions":{"total":1,"covered":0,"skipped":0,"pct":0},"statements":{"total":211,"covered":0,"skipped":0,"pct":0},"branches":{"total":1,"covered":0,"skipped":0,"pct":0}}
,"/data/.openclaw/workspace/menswell/src/components/book/EmailCapture.tsx": {"lines":{"total":50,"covered":0,"skipped":0,"pct":0},"functions":{"total":1,"covered":0,"skipped":0,"pct":0},"statements":{"total":50,"covered":0,"skipped":0,"pct":0},"branches":{"total":1,"covered":0,"skipped":0,"pct":0}}
,"/data/.openclaw/workspace/menswell/src/components/book/GHLAccordionParts.tsx": {"lines":{"total":91,"covered":0,"skipped":0,"pct":0},"functions":{"total":1,"covered":0,"skipped":0,"pct":0},"statements":{"total":91,"covered":0,"skipped":0,"pct":0},"branches":{"total":1,"covered":0,"skipped":0,"pct":0}}
,"/data/.openclaw/workspace/menswell/src/components/book/GHLAccordionView.tsx": {"lines":{"total":150,"covered":0,"skipped":0,"pct":0},"functions":{"total":1,"covered":0,"skipped":0,"pct":0},"statements":{"total":150,"covered":0,"skipped":0,"pct":0},"branches":{"total":1,"covered":0,"skipped":0,"pct":0}}
,"/data/.openclaw/workspace/menswell/src/components/book/GHLDayView.tsx": {"lines":{"total":251,"covered":0,"skipped":0,"pct":0},"functions":{"total":1,"covered":0,"skipped":0,"pct":0},"statements":{"total":251,"covered":0,"skipped":0,"pct":0},"branches":{"total":1,"covered":0,"skipped":0,"pct":0}}
,"/data/.openclaw/workspace/menswell/src/components/book/OptionRow.tsx": {"lines":{"total":57,"covered":0,"skipped":0,"pct":0},"functions":{"total":1,"covered":0,"skipped":0,"pct":0},"statements":{"total":57,"covered":0,"skipped":0,"pct":0},"branches":{"total":1,"covered":0,"skipped":0,"pct":0}}
,"/data/.openclaw/workspace/menswell/src/components/book/SurveyCard.tsx": {"lines":{"total":134,"covered":0,"skipped":0,"pct":0},"functions":{"total":1,"covered":0,"skipped":0,"pct":0},"statements":{"total":134,"covered":0,"skipped":0,"pct":0},"branches":{"total":1,"covered":0,"skipped":0,"pct":0}}
,"/data/.openclaw/workspace/menswell/src/components/book/TimeGrid.tsx": {"lines":{"total":89,"covered":0,"skipped":0,"pct":0},"functions":{"total":1,"covered":0,"skipped":0,"pct":0},"statements":{"total":89,"covered":0,"skipped":0,"pct":0},"branches":{"total":1,"covered":0,"skipped":0,"pct":0}}
,"/data/.openclaw/workspace/menswell/src/components/book/ghlAccordionHelpers.ts": {"lines":{"total":43,"covered":0,"skipped":0,"pct":0},"functions":{"total":1,"covered":0,"skipped":0,"pct":0},"statements":{"total":43,"covered":0,"skipped":0,"pct":0},"branches":{"total":1,"covered":0,"skipped":0,"pct":0}}
,"/data/.openclaw/workspace/menswell/src/components/internal/HealthChecks.tsx": {"lines":{"total":34,"covered":0,"skipped":0,"pct":0},"functions":{"total":1,"covered":0,"skipped":0,"pct":0},"statements":{"total":34,"covered":0,"skipped":0,"pct":0},"branches":{"total":1,"covered":0,"skipped":0,"pct":0}}
,"/data/.openclaw/workspace/menswell/src/components/internal/LpCards.tsx": {"lines":{"total":59,"covered":0,"skipped":0,"pct":0},"functions":{"total":1,"covered":0,"skipped":0,"pct":0},"statements":{"total":59,"covered":0,"skipped":0,"pct":0},"branches":{"total":1,"covered":0,"skipped":0,"pct":0}}
,"/data/.openclaw/workspace/menswell/src/components/landing/cro/CROClosingFormSection.tsx": {"lines":{"total":20,"covered":0,"skipped":0,"pct":0},"functions":{"total":1,"covered":0,"skipped":0,"pct":0},"statements":{"total":20,"covered":0,"skipped":0,"pct":0},"branches":{"total":1,"covered":0,"skipped":0,"pct":0}}
,"/data/.openclaw/workspace/menswell/src/components/landing/cro/CRODesktopStickyBar.tsx": {"lines":{"total":38,"covered":0,"skipped":0,"pct":0},"functions":{"total":1,"covered":0,"skipped":0,"pct":0},"statements":{"total":38,"covered":0,"skipped":0,"pct":0},"branches":{"total":1,"covered":0,"skipped":0,"pct":0}}
,"/data/.openclaw/workspace/menswell/src/components/landing/cro/CROFaq.tsx": {"lines":{"total":10,"covered":0,"skipped":0,"pct":0},"functions":{"total":1,"covered":0,"skipped":0,"pct":0},"statements":{"total":10,"covered":0,"skipped":0,"pct":0},"branches":{"total":1,"covered":0,"skipped":0,"pct":0}}
,"/data/.openclaw/workspace/menswell/src/components/landing/cro/CROFooter.tsx": {"lines":{"total":52,"covered":0,"skipped":0,"pct":0},"functions":{"total":1,"covered":0,"skipped":0,"pct":0},"statements":{"total":52,"covered":0,"skipped":0,"pct":0},"branches":{"total":1,"covered":0,"skipped":0,"pct":0}}
,"/data/.openclaw/workspace/menswell/src/components/landing/cro/CROHeader.tsx": {"lines":{"total":25,"covered":0,"skipped":0,"pct":0},"functions":{"total":1,"covered":0,"skipped":0,"pct":0},"statements":{"total":25,"covered":0,"skipped":0,"pct":0},"branches":{"total":1,"covered":0,"skipped":0,"pct":0}}
,"/data/.openclaw/workspace/menswell/src/components/landing/cro/CROHeroForm.tsx": {"lines":{"total":140,"covered":0,"skipped":0,"pct":0},"functions":{"total":1,"covered":0,"skipped":0,"pct":0},"statements":{"total":140,"covered":0,"skipped":0,"pct":0},"branches":{"total":1,"covered":0,"skipped":0,"pct":0}}
,"/data/.openclaw/workspace/menswell/src/components/landing/cro/CROHeroSection.tsx": {"lines":{"total":72,"covered":0,"skipped":0,"pct":0},"functions":{"total":1,"covered":0,"skipped":0,"pct":0},"statements":{"total":72,"covered":0,"skipped":0,"pct":0},"branches":{"total":1,"covered":0,"skipped":0,"pct":0}}
,"/data/.openclaw/workspace/menswell/src/components/landing/cro/CROHowItWorks.tsx": {"lines":{"total":10,"covered":0,"skipped":0,"pct":0},"functions":{"total":1,"covered":0,"skipped":0,"pct":0},"statements":{"total":10,"covered":0,"skipped":0,"pct":0},"branches":{"total":1,"covered":0,"skipped":0,"pct":0}}
,"/data/.openclaw/workspace/menswell/src/components/landing/cro/CROLocationSelector.tsx": {"lines":{"total":44,"covered":0,"skipped":0,"pct":0},"functions":{"total":1,"covered":0,"skipped":0,"pct":0},"statements":{"total":44,"covered":0,"skipped":0,"pct":0},"branches":{"total":1,"covered":0,"skipped":0,"pct":0}}
,"/data/.openclaw/workspace/menswell/src/components/landing/cro/CROSocialProof.tsx": {"lines":{"total":44,"covered":0,"skipped":0,"pct":0},"functions":{"total":1,"covered":0,"skipped":0,"pct":0},"statements":{"total":44,"covered":0,"skipped":0,"pct":0},"branches":{"total":1,"covered":0,"skipped":0,"pct":0}}
,"/data/.openclaw/workspace/menswell/src/components/landing/cro/CROTestimonials.tsx": {"lines":{"total":10,"covered":0,"skipped":0,"pct":0},"functions":{"total":1,"covered":0,"skipped":0,"pct":0},"statements":{"total":10,"covered":0,"skipped":0,"pct":0},"branches":{"total":1,"covered":0,"skipped":0,"pct":0}}
,"/data/.openclaw/workspace/menswell/src/components/landing/ed/EDFAQ.tsx": {"lines":{"total":96,"covered":0,"skipped":0,"pct":0},"functions":{"total":1,"covered":0,"skipped":0,"pct":0},"statements":{"total":96,"covered":0,"skipped":0,"pct":0},"branches":{"total":1,"covered":0,"skipped":0,"pct":0}}
,"/data/.openclaw/workspace/menswell/src/components/landing/ed/EDHero.tsx": {"lines":{"total":123,"covered":0,"skipped":0,"pct":0},"functions":{"total":1,"covered":0,"skipped":0,"pct":0},"statements":{"total":123,"covered":0,"skipped":0,"pct":0},"branches":{"total":1,"covered":0,"skipped":0,"pct":0}}
,"/data/.openclaw/workspace/menswell/src/components/landing/ed/EDHowItWorks.tsx": {"lines":{"total":77,"covered":0,"skipped":0,"pct":0},"functions":{"total":1,"covered":0,"skipped":0,"pct":0},"statements":{"total":77,"covered":0,"skipped":0,"pct":0},"branches":{"total":1,"covered":0,"skipped":0,"pct":0}}
,"/data/.openclaw/workspace/menswell/src/components/landing/ed/EDManifesto.tsx": {"lines":{"total":35,"covered":0,"skipped":0,"pct":0},"functions":{"total":1,"covered":0,"skipped":0,"pct":0},"statements":{"total":35,"covered":0,"skipped":0,"pct":0},"branches":{"total":1,"covered":0,"skipped":0,"pct":0}}
,"/data/.openclaw/workspace/menswell/src/components/landing/edu/TRTEduCTA.tsx": {"lines":{"total":79,"covered":0,"skipped":0,"pct":0},"functions":{"total":1,"covered":0,"skipped":0,"pct":0},"statements":{"total":79,"covered":0,"skipped":0,"pct":0},"branches":{"total":1,"covered":0,"skipped":0,"pct":0}}
,"/data/.openclaw/workspace/menswell/src/components/landing/edu/TRTEduHero.tsx": {"lines":{"total":111,"covered":0,"skipped":0,"pct":0},"functions":{"total":1,"covered":0,"skipped":0,"pct":0},"statements":{"total":111,"covered":0,"skipped":0,"pct":0},"branches":{"total":1,"covered":0,"skipped":0,"pct":0}}
,"/data/.openclaw/workspace/menswell/src/components/landing/edu/TRTEduHowTRTWorks.tsx": {"lines":{"total":95,"covered":0,"skipped":0,"pct":0},"functions":{"total":1,"covered":0,"skipped":0,"pct":0},"statements":{"total":95,"covered":0,"skipped":0,"pct":0},"branches":{"total":1,"covered":0,"skipped":0,"pct":0}}
,"/data/.openclaw/workspace/menswell/src/components/landing/edu/TRTEduScienceSection.tsx": {"lines":{"total":63,"covered":0,"skipped":0,"pct":0},"functions":{"total":1,"covered":0,"skipped":0,"pct":0},"statements":{"total":63,"covered":0,"skipped":0,"pct":0},"branches":{"total":1,"covered":0,"skipped":0,"pct":0}}
,"/data/.openclaw/workspace/menswell/src/components/landing/edu/TRTEduSymptomSlider.tsx": {"lines":{"total":215,"covered":0,"skipped":0,"pct":0},"functions":{"total":1,"covered":0,"skipped":0,"pct":0},"statements":{"total":215,"covered":0,"skipped":0,"pct":0},"branches":{"total":1,"covered":0,"skipped":0,"pct":0}}
,"/data/.openclaw/workspace/menswell/src/components/landing/edu/TRTEduWhatIsLowT.tsx": {"lines":{"total":68,"covered":0,"skipped":0,"pct":0},"functions":{"total":1,"covered":0,"skipped":0,"pct":0},"statements":{"total":68,"covered":0,"skipped":0,"pct":0},"branches":{"total":1,"covered":0,"skipped":0,"pct":0}}
,"/data/.openclaw/workspace/menswell/src/components/landing/shared/AffordabilityClosingCTA.tsx": {"lines":{"total":22,"covered":0,"skipped":0,"pct":0},"functions":{"total":1,"covered":0,"skipped":0,"pct":0},"statements":{"total":22,"covered":0,"skipped":0,"pct":0},"branches":{"total":1,"covered":0,"skipped":0,"pct":0}}
,"/data/.openclaw/workspace/menswell/src/components/landing/shared/AffordabilityFaq.tsx": {"lines":{"total":40,"covered":0,"skipped":0,"pct":0},"functions":{"total":1,"covered":0,"skipped":0,"pct":0},"statements":{"total":40,"covered":0,"skipped":0,"pct":0},"branches":{"total":1,"covered":0,"skipped":0,"pct":0}}
,"/data/.openclaw/workspace/menswell/src/components/landing/shared/AffordabilityHero.tsx": {"lines":{"total":37,"covered":0,"skipped":0,"pct":0},"functions":{"total":1,"covered":0,"skipped":0,"pct":0},"statements":{"total":37,"covered":0,"skipped":0,"pct":0},"branches":{"total":1,"covered":0,"skipped":0,"pct":0}}
,"/data/.openclaw/workspace/menswell/src/components/landing/shared/AffordabilityHowPricing.tsx": {"lines":{"total":29,"covered":0,"skipped":0,"pct":0},"functions":{"total":1,"covered":0,"skipped":0,"pct":0},"statements":{"total":29,"covered":0,"skipped":0,"pct":0},"branches":{"total":1,"covered":0,"skipped":0,"pct":0}}
,"/data/.openclaw/workspace/menswell/src/components/landing/shared/AffordabilityMemberTerms.tsx": {"lines":{"total":25,"covered":0,"skipped":0,"pct":0},"functions":{"total":1,"covered":0,"skipped":0,"pct":0},"statements":{"total":25,"covered":0,"skipped":0,"pct":0},"branches":{"total":1,"covered":0,"skipped":0,"pct":0}}
,"/data/.openclaw/workspace/menswell/src/components/landing/shared/AffordabilityTestimonials.tsx": {"lines":{"total":27,"covered":0,"skipped":0,"pct":0},"functions":{"total":1,"covered":0,"skipped":0,"pct":0},"statements":{"total":27,"covered":0,"skipped":0,"pct":0},"branches":{"total":1,"covered":0,"skipped":0,"pct":0}}
,"/data/.openclaw/workspace/menswell/src/components/landing/shared/AffordabilityTrustStrip.tsx": {"lines":{"total":19,"covered":0,"skipped":0,"pct":0},"functions":{"total":1,"covered":0,"skipped":0,"pct":0},"statements":{"total":19,"covered":0,"skipped":0,"pct":0},"branches":{"total":1,"covered":0,"skipped":0,"pct":0}}
,"/data/.openclaw/workspace/menswell/src/components/landing/shared/FloatInput.tsx": {"lines":{"total":59,"covered":59,"skipped":0,"pct":100},"functions":{"total":4,"covered":1,"skipped":0,"pct":25},"statements":{"total":59,"covered":59,"skipped":0,"pct":100},"branches":{"total":10,"covered":2,"skipped":0,"pct":20}}
,"/data/.openclaw/workspace/menswell/src/components/landing/shared/PricingCard.tsx": {"lines":{"total":30,"covered":0,"skipped":0,"pct":0},"functions":{"total":1,"covered":0,"skipped":0,"pct":0},"statements":{"total":30,"covered":0,"skipped":0,"pct":0},"branches":{"total":1,"covered":0,"skipped":0,"pct":0}}
,"/data/.openclaw/workspace/menswell/src/components/landing/shared/ServiceFinalCTA.tsx": {"lines":{"total":183,"covered":144,"skipped":0,"pct":78.68},"functions":{"total":15,"covered":3,"skipped":0,"pct":20},"statements":{"total":183,"covered":144,"skipped":0,"pct":78.68},"branches":{"total":7,"covered":4,"skipped":0,"pct":57.14}}
,"/data/.openclaw/workspace/menswell/src/components/landing/trt/CredibilityBand.tsx": {"lines":{"total":71,"covered":0,"skipped":0,"pct":0},"functions":{"total":1,"covered":0,"skipped":0,"pct":0},"statements":{"total":71,"covered":0,"skipped":0,"pct":0},"branches":{"total":1,"covered":0,"skipped":0,"pct":0}}
,"/data/.openclaw/workspace/menswell/src/components/landing/trt/LocationSelector.tsx": {"lines":{"total":52,"covered":49,"skipped":0,"pct":94.23},"functions":{"total":4,"covered":1,"skipped":0,"pct":25},"statements":{"total":52,"covered":49,"skipped":0,"pct":94.23},"branches":{"total":11,"covered":2,"skipped":0,"pct":18.18}}
,"/data/.openclaw/workspace/menswell/src/components/landing/trt/SectionReveal.tsx": {"lines":{"total":7,"covered":0,"skipped":0,"pct":0},"functions":{"total":1,"covered":0,"skipped":0,"pct":0},"statements":{"total":7,"covered":0,"skipped":0,"pct":0},"branches":{"total":1,"covered":0,"skipped":0,"pct":0}}
,"/data/.openclaw/workspace/menswell/src/components/landing/trt/StickyMobileCTA.tsx": {"lines":{"total":107,"covered":81,"skipped":0,"pct":75.7},"functions":{"total":5,"covered":2,"skipped":0,"pct":40},"statements":{"total":107,"covered":81,"skipped":0,"pct":75.7},"branches":{"total":10,"covered":5,"skipped":0,"pct":50}}
,"/data/.openclaw/workspace/menswell/src/components/landing/trt/TCPADisclaimer.tsx": {"lines":{"total":32,"covered":32,"skipped":0,"pct":100},"functions":{"total":1,"covered":0,"skipped":0,"pct":0},"statements":{"total":32,"covered":32,"skipped":0,"pct":100},"branches":{"total":3,"covered":0,"skipped":0,"pct":0}}
,"/data/.openclaw/workspace/menswell/src/components/landing/trt/TRTBenefitsSection.tsx": {"lines":{"total":127,"covered":119,"skipped":0,"pct":93.7},"functions":{"total":1,"covered":0,"skipped":0,"pct":0},"statements":{"total":127,"covered":119,"skipped":0,"pct":93.7},"branches":{"total":0,"covered":0,"skipped":0,"pct":100}}
,"/data/.openclaw/workspace/menswell/src/components/landing/trt/TRTEverythingIncluded.tsx": {"lines":{"total":136,"covered":136,"skipped":0,"pct":100},"functions":{"total":0,"covered":0,"skipped":0,"pct":100},"statements":{"total":136,"covered":136,"skipped":0,"pct":100},"branches":{"total":0,"covered":0,"skipped":0,"pct":100}}
,"/data/.openclaw/workspace/menswell/src/components/landing/trt/TRTFAQ.tsx": {"lines":{"total":77,"covered":67,"skipped":0,"pct":87.01},"functions":{"total":7,"covered":2,"skipped":0,"pct":28.57},"statements":{"total":77,"covered":67,"skipped":0,"pct":87.01},"branches":{"total":6,"covered":5,"skipped":0,"pct":83.33}}
,"/data/.openclaw/workspace/menswell/src/components/landing/trt/TRTFinalCTA.tsx": {"lines":{"total":71,"covered":71,"skipped":0,"pct":100},"functions":{"total":1,"covered":1,"skipped":0,"pct":100},"statements":{"total":71,"covered":71,"skipped":0,"pct":100},"branches":{"total":1,"covered":1,"skipped":0,"pct":100}}
,"/data/.openclaw/workspace/menswell/src/components/landing/trt/TRTFooter.tsx": {"lines":{"total":142,"covered":142,"skipped":0,"pct":100},"functions":{"total":2,"covered":1,"skipped":0,"pct":50},"statements":{"total":142,"covered":142,"skipped":0,"pct":100},"branches":{"total":1,"covered":1,"skipped":0,"pct":100}}
,"/data/.openclaw/workspace/menswell/src/components/landing/trt/TRTHeader.tsx": {"lines":{"total":77,"covered":74,"skipped":0,"pct":96.1},"functions":{"total":9,"covered":1,"skipped":0,"pct":11.11},"statements":{"total":77,"covered":74,"skipped":0,"pct":96.1},"branches":{"total":4,"covered":3,"skipped":0,"pct":75}}
,"/data/.openclaw/workspace/menswell/src/components/landing/trt/TRTHero.tsx": {"lines":{"total":127,"covered":127,"skipped":0,"pct":100},"functions":{"total":2,"covered":2,"skipped":0,"pct":100},"statements":{"total":127,"covered":127,"skipped":0,"pct":100},"branches":{"total":8,"covered":8,"skipped":0,"pct":100}}
,"/data/.openclaw/workspace/menswell/src/components/landing/trt/TRTHeroForm.tsx": {"lines":{"total":111,"covered":83,"skipped":0,"pct":74.77},"functions":{"total":13,"covered":1,"skipped":0,"pct":7.69},"statements":{"total":111,"covered":83,"skipped":0,"pct":74.77},"branches":{"total":9,"covered":3,"skipped":0,"pct":33.33}}
,"/data/.openclaw/workspace/menswell/src/components/landing/trt/TRTHowItWorks.tsx": {"lines":{"total":82,"covered":80,"skipped":0,"pct":97.56},"functions":{"total":4,"covered":1,"skipped":0,"pct":25},"statements":{"total":82,"covered":80,"skipped":0,"pct":97.56},"branches":{"total":6,"covered":6,"skipped":0,"pct":100}}
,"/data/.openclaw/workspace/menswell/src/components/landing/trt/TRTLocations.tsx": {"lines":{"total":62,"covered":58,"skipped":0,"pct":93.54},"functions":{"total":3,"covered":2,"skipped":0,"pct":66.66},"statements":{"total":62,"covered":58,"skipped":0,"pct":93.54},"branches":{"total":5,"covered":3,"skipped":0,"pct":60}}
,"/data/.openclaw/workspace/menswell/src/components/landing/trt/TRTManifesto.tsx": {"lines":{"total":62,"covered":62,"skipped":0,"pct":100},"functions":{"total":2,"covered":1,"skipped":0,"pct":50},"statements":{"total":62,"covered":62,"skipped":0,"pct":100},"branches":{"total":1,"covered":1,"skipped":0,"pct":100}}
,"/data/.openclaw/workspace/menswell/src/components/landing/trt/TRTMarquee.tsx": {"lines":{"total":51,"covered":0,"skipped":0,"pct":0},"functions":{"total":1,"covered":0,"skipped":0,"pct":0},"statements":{"total":51,"covered":0,"skipped":0,"pct":0},"branches":{"total":1,"covered":0,"skipped":0,"pct":0}}
,"/data/.openclaw/workspace/menswell/src/components/landing/trt/TRTPillars.tsx": {"lines":{"total":133,"covered":119,"skipped":0,"pct":89.47},"functions":{"total":2,"covered":0,"skipped":0,"pct":0},"statements":{"total":133,"covered":119,"skipped":0,"pct":89.47},"branches":{"total":2,"covered":0,"skipped":0,"pct":0}}
,"/data/.openclaw/workspace/menswell/src/components/landing/trt/TRTPricing.tsx": {"lines":{"total":156,"covered":152,"skipped":0,"pct":97.43},"functions":{"total":4,"covered":1,"skipped":0,"pct":25},"statements":{"total":156,"covered":152,"skipped":0,"pct":97.43},"branches":{"total":1,"covered":1,"skipped":0,"pct":100}}
,"/data/.openclaw/workspace/menswell/src/components/landing/trt/TRTProductFAQ.tsx": {"lines":{"total":111,"covered":111,"skipped":0,"pct":100},"functions":{"total":2,"covered":1,"skipped":0,"pct":50},"statements":{"total":111,"covered":111,"skipped":0,"pct":100},"branches":{"total":6,"covered":4,"skipped":0,"pct":66.66}}
,"/data/.openclaw/workspace/menswell/src/components/landing/trt/TRTProductHelpers.tsx": {"lines":{"total":90,"covered":82,"skipped":0,"pct":91.11},"functions":{"total":2,"covered":0,"skipped":0,"pct":0},"statements":{"total":90,"covered":82,"skipped":0,"pct":91.11},"branches":{"total":3,"covered":2,"skipped":0,"pct":66.66}}
,"/data/.openclaw/workspace/menswell/src/components/landing/trt/TRTResults.tsx": {"lines":{"total":181,"covered":164,"skipped":0,"pct":90.6},"functions":{"total":5,"covered":1,"skipped":0,"pct":20},"statements":{"total":181,"covered":164,"skipped":0,"pct":90.6},"branches":{"total":1,"covered":1,"skipped":0,"pct":100}}
,"/data/.openclaw/workspace/menswell/src/components/landing/trt/TRTSignsSection.tsx": {"lines":{"total":115,"covered":115,"skipped":0,"pct":100},"functions":{"total":0,"covered":0,"skipped":0,"pct":100},"statements":{"total":115,"covered":115,"skipped":0,"pct":100},"branches":{"total":0,"covered":0,"skipped":0,"pct":100}}
,"/data/.openclaw/workspace/menswell/src/components/landing/trt/TRTThreeProblems.tsx": {"lines":{"total":161,"covered":158,"skipped":0,"pct":98.13},"functions":{"total":5,"covered":1,"skipped":0,"pct":20},"statements":{"total":161,"covered":158,"skipped":0,"pct":98.13},"branches":{"total":3,"covered":3,"skipped":0,"pct":100}}
,"/data/.openclaw/workspace/menswell/src/components/landing/trt/TRTTreatmentOptionsSection.tsx": {"lines":{"total":109,"covered":109,"skipped":0,"pct":100},"functions":{"total":0,"covered":0,"skipped":0,"pct":100},"statements":{"total":109,"covered":109,"skipped":0,"pct":100},"branches":{"total":0,"covered":0,"skipped":0,"pct":100}}
,"/data/.openclaw/workspace/menswell/src/components/landing/wl/WLFAQ.tsx": {"lines":{"total":93,"covered":0,"skipped":0,"pct":0},"functions":{"total":1,"covered":0,"skipped":0,"pct":0},"statements":{"total":93,"covered":0,"skipped":0,"pct":0},"branches":{"total":1,"covered":0,"skipped":0,"pct":0}}
,"/data/.openclaw/workspace/menswell/src/components/landing/wl/WLHero.tsx": {"lines":{"total":122,"covered":0,"skipped":0,"pct":0},"functions":{"total":1,"covered":0,"skipped":0,"pct":0},"statements":{"total":122,"covered":0,"skipped":0,"pct":0},"branches":{"total":1,"covered":0,"skipped":0,"pct":0}}
,"/data/.openclaw/workspace/menswell/src/components/landing/wl/WLHowItWorks.tsx": {"lines":{"total":74,"covered":0,"skipped":0,"pct":0},"functions":{"total":1,"covered":0,"skipped":0,"pct":0},"statements":{"total":74,"covered":0,"skipped":0,"pct":0},"branches":{"total":1,"covered":0,"skipped":0,"pct":0}}
,"/data/.openclaw/workspace/menswell/src/components/landing/wl/WLManifesto.tsx": {"lines":{"total":36,"covered":0,"skipped":0,"pct":0},"functions":{"total":1,"covered":0,"skipped":0,"pct":0},"statements":{"total":36,"covered":0,"skipped":0,"pct":0},"branches":{"total":1,"covered":0,"skipped":0,"pct":0}}
,"/data/.openclaw/workspace/menswell/src/components/product/IntakeFormHelpers.tsx": {"lines":{"total":140,"covered":0,"skipped":0,"pct":0},"functions":{"total":1,"covered":0,"skipped":0,"pct":0},"statements":{"total":140,"covered":0,"skipped":0,"pct":0},"branches":{"total":1,"covered":0,"skipped":0,"pct":0}}
,"/data/.openclaw/workspace/menswell/src/components/quiz/PrimaryQuizButton.tsx": {"lines":{"total":23,"covered":23,"skipped":0,"pct":100},"functions":{"total":1,"covered":1,"skipped":0,"pct":100},"statements":{"total":23,"covered":23,"skipped":0,"pct":100},"branches":{"total":5,"covered":5,"skipped":0,"pct":100}}
,"/data/.openclaw/workspace/menswell/src/components/quiz/QuizShell.tsx": {"lines":{"total":40,"covered":40,"skipped":0,"pct":100},"functions":{"total":2,"covered":1,"skipped":0,"pct":50},"statements":{"total":40,"covered":40,"skipped":0,"pct":100},"branches":{"total":5,"covered":5,"skipped":0,"pct":100}}
,"/data/.openclaw/workspace/menswell/src/components/quiz/QuizTrustBlock.tsx": {"lines":{"total":21,"covered":2,"skipped":0,"pct":9.52},"functions":{"total":1,"covered":0,"skipped":0,"pct":0},"statements":{"total":21,"covered":2,"skipped":0,"pct":9.52},"branches":{"total":0,"covered":0,"skipped":0,"pct":100}}
,"/data/.openclaw/workspace/menswell/src/components/quiz/StepLead.tsx": {"lines":{"total":203,"covered":13,"skipped":0,"pct":6.4},"functions":{"total":3,"covered":0,"skipped":0,"pct":0},"statements":{"total":203,"covered":13,"skipped":0,"pct":6.4},"branches":{"total":0,"covered":0,"skipped":0,"pct":100}}
,"/data/.openclaw/workspace/menswell/src/components/quiz/StepSafety.tsx": {"lines":{"total":73,"covered":69,"skipped":0,"pct":94.52},"functions":{"total":4,"covered":4,"skipped":0,"pct":100},"statements":{"total":73,"covered":69,"skipped":0,"pct":94.52},"branches":{"total":19,"covered":17,"skipped":0,"pct":89.47}}
,"/data/.openclaw/workspace/menswell/src/components/quiz/StepSymptoms.tsx": {"lines":{"total":106,"covered":106,"skipped":0,"pct":100},"functions":{"total":4,"covered":4,"skipped":0,"pct":100},"statements":{"total":106,"covered":106,"skipped":0,"pct":100},"branches":{"total":19,"covered":18,"skipped":0,"pct":94.73}}
,"/data/.openclaw/workspace/menswell/src/components/quiz/SymptomRow.tsx": {"lines":{"total":55,"covered":53,"skipped":0,"pct":96.36},"functions":{"total":2,"covered":2,"skipped":0,"pct":100},"statements":{"total":55,"covered":53,"skipped":0,"pct":96.36},"branches":{"total":25,"covered":24,"skipped":0,"pct":96}}
,"/data/.openclaw/workspace/menswell/src/components/quiz/TransitionScreen.tsx": {"lines":{"total":95,"covered":83,"skipped":0,"pct":87.36},"functions":{"total":2,"covered":1,"skipped":0,"pct":50},"statements":{"total":95,"covered":83,"skipped":0,"pct":87.36},"branches":{"total":16,"covered":10,"skipped":0,"pct":62.5}}
,"/data/.openclaw/workspace/menswell/src/components/shared/EnvBadge.tsx": {"lines":{"total":90,"covered":0,"skipped":0,"pct":0},"functions":{"total":1,"covered":0,"skipped":0,"pct":0},"statements":{"total":90,"covered":0,"skipped":0,"pct":0},"branches":{"total":1,"covered":0,"skipped":0,"pct":0}}
,"/data/.openclaw/workspace/menswell/src/components/shared/MobileFooterBar.tsx": {"lines":{"total":105,"covered":0,"skipped":0,"pct":0},"functions":{"total":1,"covered":0,"skipped":0,"pct":0},"statements":{"total":105,"covered":0,"skipped":0,"pct":0},"branches":{"total":1,"covered":0,"skipped":0,"pct":0}}
,"/data/.openclaw/workspace/menswell/src/data/affordabilityContent.ts": {"lines":{"total":48,"covered":0,"skipped":0,"pct":0},"functions":{"total":1,"covered":0,"skipped":0,"pct":0},"statements":{"total":48,"covered":0,"skipped":0,"pct":0},"branches":{"total":1,"covered":0,"skipped":0,"pct":0}}
,"/data/.openclaw/workspace/menswell/src/data/copy.ts": {"lines":{"total":39,"covered":39,"skipped":0,"pct":100},"functions":{"total":0,"covered":0,"skipped":0,"pct":100},"statements":{"total":39,"covered":39,"skipped":0,"pct":100},"branches":{"total":0,"covered":0,"skipped":0,"pct":100}}
,"/data/.openclaw/workspace/menswell/src/data/croContent.ts": {"lines":{"total":43,"covered":43,"skipped":0,"pct":100},"functions":{"total":2,"covered":2,"skipped":0,"pct":100},"statements":{"total":43,"covered":43,"skipped":0,"pct":100},"branches":{"total":8,"covered":6,"skipped":0,"pct":75}}
,"/data/.openclaw/workspace/menswell/src/data/faqs.ts": {"lines":{"total":32,"covered":32,"skipped":0,"pct":100},"functions":{"total":0,"covered":0,"skipped":0,"pct":100},"statements":{"total":32,"covered":32,"skipped":0,"pct":100},"branches":{"total":0,"covered":0,"skipped":0,"pct":100}}
,"/data/.openclaw/workspace/menswell/src/data/landingPages.ts": {"lines":{"total":63,"covered":63,"skipped":0,"pct":100},"functions":{"total":0,"covered":0,"skipped":0,"pct":100},"statements":{"total":63,"covered":63,"skipped":0,"pct":100},"branches":{"total":0,"covered":0,"skipped":0,"pct":100}}
,"/data/.openclaw/workspace/menswell/src/data/locations.ts": {"lines":{"total":68,"covered":66,"skipped":0,"pct":97.05},"functions":{"total":1,"covered":0,"skipped":0,"pct":0},"statements":{"total":68,"covered":66,"skipped":0,"pct":97.05},"branches":{"total":0,"covered":0,"skipped":0,"pct":100}}
,"/data/.openclaw/workspace/menswell/src/data/quizContent.ts": {"lines":{"total":149,"covered":149,"skipped":0,"pct":100},"functions":{"total":0,"covered":0,"skipped":0,"pct":100},"statements":{"total":149,"covered":149,"skipped":0,"pct":100},"branches":{"total":3,"covered":3,"skipped":0,"pct":100}}
,"/data/.openclaw/workspace/menswell/src/data/testimonials.ts": {"lines":{"total":72,"covered":72,"skipped":0,"pct":100},"functions":{"total":0,"covered":0,"skipped":0,"pct":100},"statements":{"total":72,"covered":72,"skipped":0,"pct":100},"branches":{"total":0,"covered":0,"skipped":0,"pct":100}}
,"/data/.openclaw/workspace/menswell/src/domain/booking/bookingEntry.ts": {"lines":{"total":22,"covered":22,"skipped":0,"pct":100},"functions":{"total":1,"covered":1,"skipped":0,"pct":100},"statements":{"total":22,"covered":22,"skipped":0,"pct":100},"branches":{"total":3,"covered":3,"skipped":0,"pct":100}}
,"/data/.openclaw/workspace/menswell/src/domain/booking/bookingRouteGuard.tsx": {"lines":{"total":59,"covered":0,"skipped":0,"pct":0},"functions":{"total":1,"covered":0,"skipped":0,"pct":0},"statements":{"total":59,"covered":0,"skipped":0,"pct":0},"branches":{"total":1,"covered":0,"skipped":0,"pct":0}}
,"/data/.openclaw/workspace/menswell/src/domain/booking/bookingStore.ts": {"lines":{"total":54,"covered":53,"skipped":0,"pct":98.14},"functions":{"total":11,"covered":11,"skipped":0,"pct":100},"statements":{"total":54,"covered":53,"skipped":0,"pct":98.14},"branches":{"total":17,"covered":16,"skipped":0,"pct":94.11}}
,"/data/.openclaw/workspace/menswell/src/domain/booking/useConfirmAppointment.ts": {"lines":{"total":183,"covered":151,"skipped":0,"pct":82.51},"functions":{"total":1,"covered":1,"skipped":0,"pct":100},"statements":{"total":183,"covered":151,"skipped":0,"pct":82.51},"branches":{"total":33,"covered":19,"skipped":0,"pct":57.57}}
,"/data/.openclaw/workspace/menswell/src/domain/intake/intakeTypes.ts": {"lines":{"total":52,"covered":52,"skipped":0,"pct":100},"functions":{"total":1,"covered":1,"skipped":0,"pct":100},"statements":{"total":52,"covered":52,"skipped":0,"pct":100},"branches":{"total":28,"covered":15,"skipped":0,"pct":53.57}}
,"/data/.openclaw/workspace/menswell/src/domain/leads/leadFormSchema.ts": {"lines":{"total":44,"covered":44,"skipped":0,"pct":100},"functions":{"total":2,"covered":2,"skipped":0,"pct":100},"statements":{"total":44,"covered":44,"skipped":0,"pct":100},"branches":{"total":4,"covered":4,"skipped":0,"pct":100}}
,"/data/.openclaw/workspace/menswell/src/domain/leads/useLeadSubmitController.ts": {"lines":{"total":142,"covered":133,"skipped":0,"pct":93.66},"functions":{"total":4,"covered":4,"skipped":0,"pct":100},"statements":{"total":142,"covered":133,"skipped":0,"pct":93.66},"branches":{"total":45,"covered":27,"skipped":0,"pct":60}}
,"/data/.openclaw/workspace/menswell/src/hooks/use-toast.ts": {"lines":{"total":126,"covered":0,"skipped":0,"pct":0},"functions":{"total":1,"covered":0,"skipped":0,"pct":0},"statements":{"total":126,"covered":0,"skipped":0,"pct":0},"branches":{"total":1,"covered":0,"skipped":0,"pct":0}}
,"/data/.openclaw/workspace/menswell/src/hooks/useAnalytics.ts": {"lines":{"total":42,"covered":33,"skipped":0,"pct":78.57},"functions":{"total":4,"covered":4,"skipped":0,"pct":100},"statements":{"total":42,"covered":33,"skipped":0,"pct":78.57},"branches":{"total":14,"covered":11,"skipped":0,"pct":78.57}}
,"/data/.openclaw/workspace/menswell/src/hooks/useScrollReveal.ts": {"lines":{"total":39,"covered":0,"skipped":0,"pct":0},"functions":{"total":1,"covered":0,"skipped":0,"pct":0},"statements":{"total":39,"covered":0,"skipped":0,"pct":0},"branches":{"total":1,"covered":0,"skipped":0,"pct":0}}
,"/data/.openclaw/workspace/menswell/src/lib/analyticsGuard.ts": {"lines":{"total":30,"covered":30,"skipped":0,"pct":100},"functions":{"total":2,"covered":2,"skipped":0,"pct":100},"statements":{"total":30,"covered":30,"skipped":0,"pct":100},"branches":{"total":7,"covered":4,"skipped":0,"pct":57.14}}
,"/data/.openclaw/workspace/menswell/src/lib/attribution.ts": {"lines":{"total":91,"covered":87,"skipped":0,"pct":95.6},"functions":{"total":7,"covered":7,"skipped":0,"pct":100},"statements":{"total":91,"covered":87,"skipped":0,"pct":95.6},"branches":{"total":33,"covered":27,"skipped":0,"pct":81.81}}
,"/data/.openclaw/workspace/menswell/src/lib/bookingQueue.ts": {"lines":{"total":136,"covered":127,"skipped":0,"pct":93.38},"functions":{"total":11,"covered":9,"skipped":0,"pct":81.81},"statements":{"total":136,"covered":127,"skipped":0,"pct":93.38},"branches":{"total":27,"covered":20,"skipped":0,"pct":74.07}}
,"/data/.openclaw/workspace/menswell/src/lib/capi.ts": {"lines":{"total":60,"covered":5,"skipped":0,"pct":8.33},"functions":{"total":4,"covered":0,"skipped":0,"pct":0},"statements":{"total":60,"covered":5,"skipped":0,"pct":8.33},"branches":{"total":0,"covered":0,"skipped":0,"pct":100}}
,"/data/.openclaw/workspace/menswell/src/lib/constants.ts": {"lines":{"total":15,"covered":15,"skipped":0,"pct":100},"functions":{"total":0,"covered":0,"skipped":0,"pct":100},"statements":{"total":15,"covered":15,"skipped":0,"pct":100},"branches":{"total":0,"covered":0,"skipped":0,"pct":100}}
,"/data/.openclaw/workspace/menswell/src/lib/env.ts": {"lines":{"total":55,"covered":45,"skipped":0,"pct":81.81},"functions":{"total":2,"covered":2,"skipped":0,"pct":100},"statements":{"total":55,"covered":45,"skipped":0,"pct":81.81},"branches":{"total":13,"covered":2,"skipped":0,"pct":15.38}}
,"/data/.openclaw/workspace/menswell/src/lib/envOverride.ts": {"lines":{"total":21,"covered":17,"skipped":0,"pct":80.95},"functions":{"total":2,"covered":2,"skipped":0,"pct":100},"statements":{"total":21,"covered":17,"skipped":0,"pct":80.95},"branches":{"total":8,"covered":5,"skipped":0,"pct":62.5}}
,"/data/.openclaw/workspace/menswell/src/lib/etDate.ts": {"lines":{"total":57,"covered":57,"skipped":0,"pct":100},"functions":{"total":8,"covered":8,"skipped":0,"pct":100},"statements":{"total":57,"covered":57,"skipped":0,"pct":100},"branches":{"total":12,"covered":11,"skipped":0,"pct":91.66}}
,"/data/.openclaw/workspace/menswell/src/lib/ghl.ts": {"lines":{"total":12,"covered":4,"skipped":0,"pct":33.33},"functions":{"total":2,"covered":0,"skipped":0,"pct":0},"statements":{"total":12,"covered":4,"skipped":0,"pct":33.33},"branches":{"total":0,"covered":0,"skipped":0,"pct":100}}
,"/data/.openclaw/workspace/menswell/src/lib/ghlCalendars.ts": {"lines":{"total":70,"covered":21,"skipped":0,"pct":30},"functions":{"total":3,"covered":0,"skipped":0,"pct":0},"statements":{"total":70,"covered":21,"skipped":0,"pct":30},"branches":{"total":1,"covered":0,"skipped":0,"pct":0}}
,"/data/.openclaw/workspace/menswell/src/lib/partialCapture.ts": {"lines":{"total":32,"covered":32,"skipped":0,"pct":100},"functions":{"total":3,"covered":3,"skipped":0,"pct":100},"statements":{"total":32,"covered":32,"skipped":0,"pct":100},"branches":{"total":16,"covered":15,"skipped":0,"pct":93.75}}
,"/data/.openclaw/workspace/menswell/src/lib/quizState.ts": {"lines":{"total":101,"covered":38,"skipped":0,"pct":37.62},"functions":{"total":11,"covered":4,"skipped":0,"pct":36.36},"statements":{"total":101,"covered":38,"skipped":0,"pct":37.62},"branches":{"total":17,"covered":17,"skipped":0,"pct":100}}
,"/data/.openclaw/workspace/menswell/src/lib/schema.ts": {"lines":{"total":60,"covered":60,"skipped":0,"pct":100},"functions":{"total":3,"covered":3,"skipped":0,"pct":100},"statements":{"total":60,"covered":60,"skipped":0,"pct":100},"branches":{"total":4,"covered":4,"skipped":0,"pct":100}}
,"/data/.openclaw/workspace/menswell/src/lib/sentry.ts": {"lines":{"total":61,"covered":0,"skipped":0,"pct":0},"functions":{"total":1,"covered":0,"skipped":0,"pct":0},"statements":{"total":61,"covered":0,"skipped":0,"pct":0},"branches":{"total":1,"covered":0,"skipped":0,"pct":0}}
,"/data/.openclaw/workspace/menswell/src/lib/utils.ts": {"lines":{"total":4,"covered":4,"skipped":0,"pct":100},"functions":{"total":1,"covered":1,"skipped":0,"pct":100},"statements":{"total":4,"covered":4,"skipped":0,"pct":100},"branches":{"total":1,"covered":1,"skipped":0,"pct":100}}
,"/data/.openclaw/workspace/menswell/src/lib/wpHandoff.ts": {"lines":{"total":119,"covered":96,"skipped":0,"pct":80.67},"functions":{"total":6,"covered":5,"skipped":0,"pct":83.33},"statements":{"total":119,"covered":96,"skipped":0,"pct":80.67},"branches":{"total":43,"covered":39,"skipped":0,"pct":90.69}}
,"/data/.openclaw/workspace/menswell/src/lib/admin/adminUtils.ts": {"lines":{"total":37,"covered":0,"skipped":0,"pct":0},"functions":{"total":1,"covered":0,"skipped":0,"pct":0},"statements":{"total":37,"covered":0,"skipped":0,"pct":0},"branches":{"total":1,"covered":0,"skipped":0,"pct":0}}
,"/data/.openclaw/workspace/menswell/src/lib/admin/allowlist.ts": {"lines":{"total":8,"covered":8,"skipped":0,"pct":100},"functions":{"total":1,"covered":1,"skipped":0,"pct":100},"statements":{"total":8,"covered":8,"skipped":0,"pct":100},"branches":{"total":2,"covered":2,"skipped":0,"pct":100}}
,"/data/.openclaw/workspace/menswell/src/lib/admin/csv.ts": {"lines":{"total":29,"covered":29,"skipped":0,"pct":100},"functions":{"total":2,"covered":2,"skipped":0,"pct":100},"statements":{"total":29,"covered":29,"skipped":0,"pct":100},"branches":{"total":13,"covered":13,"skipped":0,"pct":100}}
,"/data/.openclaw/workspace/menswell/src/pages/Affordability.tsx": {"lines":{"total":17,"covered":0,"skipped":0,"pct":0},"functions":{"total":1,"covered":0,"skipped":0,"pct":0},"statements":{"total":17,"covered":0,"skipped":0,"pct":0},"branches":{"total":1,"covered":0,"skipped":0,"pct":0}}
,"/data/.openclaw/workspace/menswell/src/pages/CROOptimized.tsx": {"lines":{"total":52,"covered":0,"skipped":0,"pct":0},"functions":{"total":1,"covered":0,"skipped":0,"pct":0},"statements":{"total":52,"covered":0,"skipped":0,"pct":0},"branches":{"total":1,"covered":0,"skipped":0,"pct":0}}
,"/data/.openclaw/workspace/menswell/src/pages/NewED.tsx": {"lines":{"total":63,"covered":0,"skipped":0,"pct":0},"functions":{"total":1,"covered":0,"skipped":0,"pct":0},"statements":{"total":63,"covered":0,"skipped":0,"pct":0},"branches":{"total":1,"covered":0,"skipped":0,"pct":0}}
,"/data/.openclaw/workspace/menswell/src/pages/NewLandingPage.tsx": {"lines":{"total":62,"covered":0,"skipped":0,"pct":0},"functions":{"total":1,"covered":0,"skipped":0,"pct":0},"statements":{"total":62,"covered":0,"skipped":0,"pct":0},"branches":{"total":1,"covered":0,"skipped":0,"pct":0}}
,"/data/.openclaw/workspace/menswell/src/pages/NewWeightLoss.tsx": {"lines":{"total":63,"covered":0,"skipped":0,"pct":0},"functions":{"total":1,"covered":0,"skipped":0,"pct":0},"statements":{"total":63,"covered":0,"skipped":0,"pct":0},"branches":{"total":1,"covered":0,"skipped":0,"pct":0}}
,"/data/.openclaw/workspace/menswell/src/pages/NotFound.tsx": {"lines":{"total":17,"covered":17,"skipped":0,"pct":100},"functions":{"total":1,"covered":1,"skipped":0,"pct":100},"statements":{"total":17,"covered":17,"skipped":0,"pct":100},"branches":{"total":2,"covered":2,"skipped":0,"pct":100}}
,"/data/.openclaw/workspace/menswell/src/pages/ProductTRT.tsx": {"lines":{"total":758,"covered":0,"skipped":0,"pct":0},"functions":{"total":1,"covered":0,"skipped":0,"pct":0},"statements":{"total":758,"covered":0,"skipped":0,"pct":0},"branches":{"total":1,"covered":0,"skipped":0,"pct":0}}
,"/data/.openclaw/workspace/menswell/src/pages/ProductTRTSchedule.tsx": {"lines":{"total":205,"covered":0,"skipped":0,"pct":0},"functions":{"total":1,"covered":0,"skipped":0,"pct":0},"statements":{"total":205,"covered":0,"skipped":0,"pct":0},"branches":{"total":1,"covered":0,"skipped":0,"pct":0}}
,"/data/.openclaw/workspace/menswell/src/pages/TRTEducation.tsx": {"lines":{"total":31,"covered":0,"skipped":0,"pct":0},"functions":{"total":1,"covered":0,"skipped":0,"pct":0},"statements":{"total":31,"covered":0,"skipped":0,"pct":0},"branches":{"total":1,"covered":0,"skipped":0,"pct":0}}
,"/data/.openclaw/workspace/menswell/src/pages/TRTLandingPage.tsx": {"lines":{"total":45,"covered":0,"skipped":0,"pct":0},"functions":{"total":1,"covered":0,"skipped":0,"pct":0},"statements":{"total":45,"covered":0,"skipped":0,"pct":0},"branches":{"total":1,"covered":0,"skipped":0,"pct":0}}
,"/data/.openclaw/workspace/menswell/src/pages/TRTQuiz.tsx": {"lines":{"total":138,"covered":47,"skipped":0,"pct":34.05},"functions":{"total":9,"covered":2,"skipped":0,"pct":22.22},"statements":{"total":138,"covered":47,"skipped":0,"pct":34.05},"branches":{"total":18,"covered":11,"skipped":0,"pct":61.11}}
,"/data/.openclaw/workspace/menswell/src/pages/TRTQuizApproved.tsx": {"lines":{"total":389,"covered":382,"skipped":0,"pct":98.2},"functions":{"total":17,"covered":15,"skipped":0,"pct":88.23},"statements":{"total":389,"covered":382,"skipped":0,"pct":98.2},"branches":{"total":47,"covered":30,"skipped":0,"pct":63.82}}
,"/data/.openclaw/workspace/menswell/src/pages/admin/AdminAnalytics.tsx": {"lines":{"total":58,"covered":0,"skipped":0,"pct":0},"functions":{"total":1,"covered":0,"skipped":0,"pct":0},"statements":{"total":58,"covered":0,"skipped":0,"pct":0},"branches":{"total":1,"covered":0,"skipped":0,"pct":0}}
,"/data/.openclaw/workspace/menswell/src/pages/admin/AdminEvents.tsx": {"lines":{"total":73,"covered":0,"skipped":0,"pct":0},"functions":{"total":1,"covered":0,"skipped":0,"pct":0},"statements":{"total":73,"covered":0,"skipped":0,"pct":0},"branches":{"total":1,"covered":0,"skipped":0,"pct":0}}
,"/data/.openclaw/workspace/menswell/src/pages/admin/AdminLeads.tsx": {"lines":{"total":210,"covered":0,"skipped":0,"pct":0},"functions":{"total":1,"covered":0,"skipped":0,"pct":0},"statements":{"total":210,"covered":0,"skipped":0,"pct":0},"branches":{"total":1,"covered":0,"skipped":0,"pct":0}}
,"/data/.openclaw/workspace/menswell/src/pages/admin/AdminLogin.tsx": {"lines":{"total":114,"covered":0,"skipped":0,"pct":0},"functions":{"total":1,"covered":0,"skipped":0,"pct":0},"statements":{"total":114,"covered":0,"skipped":0,"pct":0},"branches":{"total":1,"covered":0,"skipped":0,"pct":0}}
,"/data/.openclaw/workspace/menswell/src/pages/admin/AdminOverview.tsx": {"lines":{"total":129,"covered":0,"skipped":0,"pct":0},"functions":{"total":1,"covered":0,"skipped":0,"pct":0},"statements":{"total":129,"covered":0,"skipped":0,"pct":0},"branches":{"total":1,"covered":0,"skipped":0,"pct":0}}
,"/data/.openclaw/workspace/menswell/src/pages/admin/AdminSync.tsx": {"lines":{"total":125,"covered":0,"skipped":0,"pct":0},"functions":{"total":1,"covered":0,"skipped":0,"pct":0},"statements":{"total":125,"covered":0,"skipped":0,"pct":0},"branches":{"total":1,"covered":0,"skipped":0,"pct":0}}
,"/data/.openclaw/workspace/menswell/src/pages/book/BookConfirmed.tsx": {"lines":{"total":186,"covered":0,"skipped":0,"pct":0},"functions":{"total":1,"covered":0,"skipped":0,"pct":0},"statements":{"total":186,"covered":0,"skipped":0,"pct":0},"branches":{"total":1,"covered":0,"skipped":0,"pct":0}}
,"/data/.openclaw/workspace/menswell/src/pages/book/BookDuration.tsx": {"lines":{"total":54,"covered":0,"skipped":0,"pct":0},"functions":{"total":1,"covered":0,"skipped":0,"pct":0},"statements":{"total":54,"covered":0,"skipped":0,"pct":0},"branches":{"total":1,"covered":0,"skipped":0,"pct":0}}
,"/data/.openclaw/workspace/menswell/src/pages/book/BookEntry.tsx": {"lines":{"total":82,"covered":0,"skipped":0,"pct":0},"functions":{"total":1,"covered":0,"skipped":0,"pct":0},"statements":{"total":82,"covered":0,"skipped":0,"pct":0},"branches":{"total":1,"covered":0,"skipped":0,"pct":0}}
,"/data/.openclaw/workspace/menswell/src/pages/book/BookLetsTalk.tsx": {"lines":{"total":96,"covered":0,"skipped":0,"pct":0},"functions":{"total":1,"covered":0,"skipped":0,"pct":0},"statements":{"total":96,"covered":0,"skipped":0,"pct":0},"branches":{"total":1,"covered":0,"skipped":0,"pct":0}}
,"/data/.openclaw/workspace/menswell/src/pages/book/BookLocation.tsx": {"lines":{"total":149,"covered":0,"skipped":0,"pct":0},"functions":{"total":1,"covered":0,"skipped":0,"pct":0},"statements":{"total":149,"covered":0,"skipped":0,"pct":0},"branches":{"total":1,"covered":0,"skipped":0,"pct":0}}
,"/data/.openclaw/workspace/menswell/src/pages/book/BookSchedule.tsx": {"lines":{"total":235,"covered":0,"skipped":0,"pct":0},"functions":{"total":1,"covered":0,"skipped":0,"pct":0},"statements":{"total":235,"covered":0,"skipped":0,"pct":0},"branches":{"total":1,"covered":0,"skipped":0,"pct":0}}
,"/data/.openclaw/workspace/menswell/src/pages/book/BookSchedule2.tsx": {"lines":{"total":94,"covered":0,"skipped":0,"pct":0},"functions":{"total":1,"covered":0,"skipped":0,"pct":0},"statements":{"total":94,"covered":0,"skipped":0,"pct":0},"branches":{"total":1,"covered":0,"skipped":0,"pct":0}}
,"/data/.openclaw/workspace/menswell/src/pages/book/BookSymptom.tsx": {"lines":{"total":143,"covered":0,"skipped":0,"pct":0},"functions":{"total":1,"covered":0,"skipped":0,"pct":0},"statements":{"total":143,"covered":0,"skipped":0,"pct":0},"branches":{"total":1,"covered":0,"skipped":0,"pct":0}}
,"/data/.openclaw/workspace/menswell/src/pages/internal/LpDirectory.tsx": {"lines":{"total":126,"covered":0,"skipped":0,"pct":0},"functions":{"total":1,"covered":0,"skipped":0,"pct":0},"statements":{"total":126,"covered":0,"skipped":0,"pct":0},"branches":{"total":1,"covered":0,"skipped":0,"pct":0}}
,"/data/.openclaw/workspace/menswell/src/pages/legal/LegalPage.tsx": {"lines":{"total":26,"covered":26,"skipped":0,"pct":100},"functions":{"total":1,"covered":1,"skipped":0,"pct":100},"statements":{"total":26,"covered":26,"skipped":0,"pct":100},"branches":{"total":1,"covered":1,"skipped":0,"pct":100}}
,"/data/.openclaw/workspace/menswell/src/pages/legal/PrescribingPolicy.tsx": {"lines":{"total":14,"covered":14,"skipped":0,"pct":100},"functions":{"total":1,"covered":1,"skipped":0,"pct":100},"statements":{"total":14,"covered":14,"skipped":0,"pct":100},"branches":{"total":1,"covered":1,"skipped":0,"pct":100}}
,"/data/.openclaw/workspace/menswell/src/pages/legal/PrivacyPolicy.tsx": {"lines":{"total":20,"covered":20,"skipped":0,"pct":100},"functions":{"total":1,"covered":1,"skipped":0,"pct":100},"statements":{"total":20,"covered":20,"skipped":0,"pct":100},"branches":{"total":1,"covered":1,"skipped":0,"pct":100}}
,"/data/.openclaw/workspace/menswell/src/pages/legal/TcpaDisclosure.tsx": {"lines":{"total":14,"covered":14,"skipped":0,"pct":100},"functions":{"total":1,"covered":1,"skipped":0,"pct":100},"statements":{"total":14,"covered":14,"skipped":0,"pct":100},"branches":{"total":1,"covered":1,"skipped":0,"pct":100}}
,"/data/.openclaw/workspace/menswell/src/pages/legal/TermsOfService.tsx": {"lines":{"total":22,"covered":22,"skipped":0,"pct":100},"functions":{"total":1,"covered":1,"skipped":0,"pct":100},"statements":{"total":22,"covered":22,"skipped":0,"pct":100},"branches":{"total":1,"covered":1,"skipped":0,"pct":100}}
,"/data/.openclaw/workspace/menswell/src/pages/product/TRTBloodwork.tsx": {"lines":{"total":133,"covered":0,"skipped":0,"pct":0},"functions":{"total":1,"covered":0,"skipped":0,"pct":0},"statements":{"total":133,"covered":0,"skipped":0,"pct":0},"branches":{"total":1,"covered":0,"skipped":0,"pct":0}}
,"/data/.openclaw/workspace/menswell/src/pages/product/TRTGetStarted.tsx": {"lines":{"total":343,"covered":0,"skipped":0,"pct":0},"functions":{"total":1,"covered":0,"skipped":0,"pct":0},"statements":{"total":343,"covered":0,"skipped":0,"pct":0},"branches":{"total":1,"covered":0,"skipped":0,"pct":0}}
,"/data/.openclaw/workspace/menswell/src/pages/product/TRTIdentityVerification.tsx": {"lines":{"total":119,"covered":0,"skipped":0,"pct":0},"functions":{"total":1,"covered":0,"skipped":0,"pct":0},"statements":{"total":119,"covered":0,"skipped":0,"pct":0},"branches":{"total":1,"covered":0,"skipped":0,"pct":0}}
,"/data/.openclaw/workspace/menswell/src/pages/product/TRTLabRequisition.tsx": {"lines":{"total":96,"covered":0,"skipped":0,"pct":0},"functions":{"total":1,"covered":0,"skipped":0,"pct":0},"statements":{"total":96,"covered":0,"skipped":0,"pct":0},"branches":{"total":1,"covered":0,"skipped":0,"pct":0}}
,"/data/.openclaw/workspace/menswell/src/pages/product/TRTMedicalProtocol.tsx": {"lines":{"total":193,"covered":0,"skipped":0,"pct":0},"functions":{"total":1,"covered":0,"skipped":0,"pct":0},"statements":{"total":193,"covered":0,"skipped":0,"pct":0},"branches":{"total":1,"covered":0,"skipped":0,"pct":0}}
,"/data/.openclaw/workspace/menswell/src/pages/product/TRTQuestionnaire.tsx": {"lines":{"total":312,"covered":0,"skipped":0,"pct":0},"functions":{"total":1,"covered":0,"skipped":0,"pct":0},"statements":{"total":312,"covered":0,"skipped":0,"pct":0},"branches":{"total":1,"covered":0,"skipped":0,"pct":0}}
,"/data/.openclaw/workspace/menswell/src/pages/product/TRTSuccess.tsx": {"lines":{"total":203,"covered":0,"skipped":0,"pct":0},"functions":{"total":1,"covered":0,"skipped":0,"pct":0},"statements":{"total":203,"covered":0,"skipped":0,"pct":0},"branches":{"total":1,"covered":0,"skipped":0,"pct":0}}
,"/data/.openclaw/workspace/menswell/src/services/contactUpdater.ts": {"lines":{"total":25,"covered":0,"skipped":0,"pct":0},"functions":{"total":1,"covered":0,"skipped":0,"pct":0},"statements":{"total":25,"covered":0,"skipped":0,"pct":0},"branches":{"total":1,"covered":0,"skipped":0,"pct":0}}
,"/data/.openclaw/workspace/menswell/src/services/contracts/IAnalytics.ts": {"lines":{"total":3,"covered":0,"skipped":0,"pct":0},"functions":{"total":1,"covered":0,"skipped":0,"pct":0},"statements":{"total":3,"covered":0,"skipped":0,"pct":0},"branches":{"total":1,"covered":0,"skipped":0,"pct":0}}
,"/data/.openclaw/workspace/menswell/src/services/contracts/IAppointmentBooker.ts": {"lines":{"total":3,"covered":0,"skipped":0,"pct":0},"functions":{"total":1,"covered":0,"skipped":0,"pct":0},"statements":{"total":3,"covered":0,"skipped":0,"pct":0},"branches":{"total":1,"covered":0,"skipped":0,"pct":0}}
,"/data/.openclaw/workspace/menswell/src/services/contracts/ILeadSubmitter.ts": {"lines":{"total":3,"covered":0,"skipped":0,"pct":0},"functions":{"total":1,"covered":0,"skipped":0,"pct":0},"statements":{"total":3,"covered":0,"skipped":0,"pct":0},"branches":{"total":1,"covered":0,"skipped":0,"pct":0}}
,"/data/.openclaw/workspace/menswell/src/services/contracts/INavigationService.ts": {"lines":{"total":3,"covered":0,"skipped":0,"pct":0},"functions":{"total":1,"covered":0,"skipped":0,"pct":0},"statements":{"total":3,"covered":0,"skipped":0,"pct":0},"branches":{"total":1,"covered":0,"skipped":0,"pct":0}}
,"/data/.openclaw/workspace/menswell/src/services/impl/GhlProxyAppointmentBooker.ts": {"lines":{"total":77,"covered":8,"skipped":0,"pct":10.38},"functions":{"total":4,"covered":0,"skipped":0,"pct":0},"statements":{"total":77,"covered":8,"skipped":0,"pct":10.38},"branches":{"total":0,"covered":0,"skipped":0,"pct":100}}
,"/data/.openclaw/workspace/menswell/src/services/impl/GhlProxyLeadSubmitter.ts": {"lines":{"total":7,"covered":4,"skipped":0,"pct":57.14},"functions":{"total":1,"covered":0,"skipped":0,"pct":0},"statements":{"total":7,"covered":4,"skipped":0,"pct":57.14},"branches":{"total":0,"covered":0,"skipped":0,"pct":100}}
,"/data/.openclaw/workspace/menswell/src/services/impl/LeadResyncer.ts": {"lines":{"total":31,"covered":31,"skipped":0,"pct":100},"functions":{"total":1,"covered":1,"skipped":0,"pct":100},"statements":{"total":31,"covered":31,"skipped":0,"pct":100},"branches":{"total":17,"covered":9,"skipped":0,"pct":52.94}}
,"/data/.openclaw/workspace/menswell/src/services/impl/NoopAnalytics.ts": {"lines":{"total":7,"covered":5,"skipped":0,"pct":71.42},"functions":{"total":1,"covered":0,"skipped":0,"pct":0},"statements":{"total":7,"covered":5,"skipped":0,"pct":71.42},"branches":{"total":0,"covered":0,"skipped":0,"pct":100}}
,"/data/.openclaw/workspace/menswell/src/services/impl/ReactRouterNavigationService.ts": {"lines":{"total":10,"covered":6,"skipped":0,"pct":60},"functions":{"total":3,"covered":1,"skipped":0,"pct":33.33},"statements":{"total":10,"covered":6,"skipped":0,"pct":60},"branches":{"total":1,"covered":1,"skipped":0,"pct":100}}
}
